<?xml version="1.0" encoding="UTF-8"?>
<!-- Generated by org.testng.reporters.JUnitReportReporter -->
<testsuite hostname="DESKTOP-JGLRBKR" failures="0" tests="1" name="demoSample.demo" time="13.465" errors="0" timestamp="2022-03-08T20:01:21 IST" skipped="0">
  <testcase classname="demoSample.demo" name="test" time="13.465"/>
  <system-out/>
</testsuite> <!-- demoSample.demo -->
